2025-07-14 19:01:10 [ERROR]: (node:1472) [MONGODB DRIVER] Warning: useNewUrlParser is a deprecated option: useNewUrlParser has no effect since Node.js Driver version 4.0.0 and will be removed in the next major version
(Use `node --trace-warnings ...` to show where the warning was created) 
2025-07-14 19:01:10 [ERROR]: (node:1472) [MONGODB DRIVER] Warning: useUnifiedTopology is a deprecated option: useUnifiedTopology has no effect since Node.js Driver version 4.0.0 and will be removed in the next major version 
2025-07-14 19:01:10 [INFO]: El servidor está escuchando en el puerto 4500 
2025-07-14 19:01:11 [INFO]: Base de datos conectada 
2025-07-14 19:01:11 [INFO]: ✅ Mongoose conectado a MongoDB en: 31.97.42.126 
2025-07-14 19:01:11 [INFO]: 🚀 MongoDB conectado correctamente 
2025-07-14 19:01:11 [INFO]: Conexión establecida con la base de datos 
2025-07-14 19:01:15 [INFO]: Base de Datos sincronizadas 
2025-07-14 19:01:27 [ERROR]: (node:16584) [MONGODB DRIVER] Warning: useNewUrlParser is a deprecated option: useNewUrlParser has no effect since Node.js Driver version 4.0.0 and will be removed in the next major version
(Use `node --trace-warnings ...` to show where the warning was created) 
2025-07-14 19:01:27 [ERROR]: (node:16584) [MONGODB DRIVER] Warning: useUnifiedTopology is a deprecated option: useUnifiedTopology has no effect since Node.js Driver version 4.0.0 and will be removed in the next major version 
2025-07-14 19:01:27 [INFO]: El servidor está escuchando en el puerto 4500 
2025-07-14 19:01:27 [INFO]: Base de datos conectada 
2025-07-14 19:01:27 [INFO]: ✅ Mongoose conectado a MongoDB en: 31.97.42.126 
2025-07-14 19:01:27 [INFO]: 🚀 MongoDB conectado correctamente 
2025-07-14 19:01:28 [INFO]: Conexión establecida con la base de datos 
2025-07-14 19:01:31 [INFO]: Base de Datos sincronizadas 
2025-07-14 19:09:00 [ERROR]: (node:5320) [MONGODB DRIVER] Warning: useNewUrlParser is a deprecated option: useNewUrlParser has no effect since Node.js Driver version 4.0.0 and will be removed in the next major version
(Use `node --trace-warnings ...` to show where the warning was created)
2025-07-14 19:09:00 [ERROR]: (node:5320) [MONGODB DRIVER] Warning: useUnifiedTopology is a deprecated option: useUnifiedTopology has no effect since Node.js Driver version 4.0.0 and will be removed in the next major version
2025-07-14 19:09:00 [INFO]: El servidor está escuchando en el puerto 4500
2025-07-14 19:09:01 [INFO]: Base de datos conectada
2025-07-14 19:09:01 [INFO]: ✅ Mongoose conectado a MongoDB en: 31.97.42.126
2025-07-14 19:09:01 [INFO]: 🚀 MongoDB conectado correctamente
2025-07-14 19:09:01 [INFO]: Conexión establecida con la base de datos
2025-07-14 19:09:05 [INFO]: Base de Datos sincronizadas
2025-07-17 18:31:57 [INFO]: El servidor está escuchando en el puerto 4500
2025-07-17 18:31:57 [INFO]: Base de datos conectada
2025-07-17 18:31:57 [INFO]: ✅ Mongoose conectado a MongoDB en: localhost
2025-07-17 18:31:57 [INFO]: 🚀 MongoDB conectado correctamente
2025-07-17 18:31:57 [INFO]: Conexión establecida con la base de datos
2025-07-17 18:31:58 [INFO]: Base de Datos sincronizadas
2025-07-17 18:35:43 [INFO]: El servidor está escuchando en el puerto 4500
2025-07-17 18:35:43 [INFO]: Base de datos conectada
2025-07-17 18:35:43 [INFO]: ✅ Mongoose conectado a MongoDB en: localhost
2025-07-17 18:35:43 [INFO]: 🚀 MongoDB conectado correctamente
2025-07-17 18:35:43 [INFO]: Conexión establecida con la base de datos
2025-07-17 18:35:44 [INFO]: Base de Datos sincronizadas
2025-07-17 18:38:33 [INFO]: El servidor está escuchando en el puerto 4500
2025-07-17 18:38:33 [INFO]: Base de datos conectada
2025-07-17 18:38:33 [INFO]: ✅ Mongoose conectado a MongoDB en: localhost
2025-07-17 18:38:33 [INFO]: 🚀 MongoDB conectado correctamente
2025-07-17 18:38:33 [INFO]: Conexión establecida con la base de datos
2025-07-17 18:38:34 [INFO]: Base de Datos sincronizadas
2025-07-17 18:39:08 [INFO]: El servidor está escuchando en el puerto 4500
2025-07-17 18:39:08 [INFO]: Base de datos conectada
2025-07-17 18:39:08 [INFO]: ✅ Mongoose conectado a MongoDB en: localhost
2025-07-17 18:39:08 [INFO]: 🚀 MongoDB conectado correctamente
2025-07-17 18:39:09 [INFO]: Conexión establecida con la base de datos
2025-07-17 18:39:10 [INFO]: Base de Datos sincronizadas
2025-07-17 18:39:16 [INFO]: El servidor está escuchando en el puerto 4500
2025-07-17 18:39:16 [INFO]: Base de datos conectada
2025-07-17 18:39:16 [INFO]: ✅ Mongoose conectado a MongoDB en: localhost
2025-07-17 18:39:16 [INFO]: 🚀 MongoDB conectado correctamente
2025-07-17 18:39:16 [INFO]: Conexión establecida con la base de datos
2025-07-17 18:39:17 [INFO]: Base de Datos sincronizadas
2025-07-17 18:40:25 [INFO]: El servidor está escuchando en el puerto 4500
2025-07-17 18:40:25 [INFO]: Base de datos conectada
2025-07-17 18:40:26 [INFO]: ✅ Mongoose conectado a MongoDB en: localhost
2025-07-17 18:40:26 [INFO]: 🚀 MongoDB conectado correctamente
2025-07-17 18:40:26 [INFO]: Conexión establecida con la base de datos
2025-07-17 18:40:27 [INFO]: Base de Datos sincronizadas
2025-07-17 18:40:43 [INFO]: El servidor está escuchando en el puerto 4500
2025-07-17 18:40:43 [INFO]: Base de datos conectada
2025-07-17 18:40:43 [INFO]: ✅ Mongoose conectado a MongoDB en: localhost
2025-07-17 18:40:43 [INFO]: 🚀 MongoDB conectado correctamente
2025-07-17 18:40:43 [INFO]: Conexión establecida con la base de datos
2025-07-17 18:40:44 [INFO]: Base de Datos sincronizadas
2025-07-17 18:41:34 [INFO]: El servidor está escuchando en el puerto 4500
2025-07-17 18:41:34 [INFO]: Base de datos conectada
2025-07-17 18:41:34 [INFO]: ✅ Mongoose conectado a MongoDB en: localhost
2025-07-17 18:41:34 [INFO]: 🚀 MongoDB conectado correctamente
2025-07-17 18:41:34 [INFO]: Conexión establecida con la base de datos
2025-07-17 18:41:36 [INFO]: Base de Datos sincronizadas
2025-07-17 18:41:38 [INFO]: El servidor está escuchando en el puerto 4500
2025-07-17 18:41:38 [INFO]: Base de datos conectada
2025-07-17 18:41:38 [INFO]: ✅ Mongoose conectado a MongoDB en: localhost
2025-07-17 18:41:38 [INFO]: 🚀 MongoDB conectado correctamente
2025-07-17 18:41:38 [INFO]: Conexión establecida con la base de datos
2025-07-17 18:41:39 [INFO]: Base de Datos sincronizadas
2025-07-17 18:42:46 [INFO]: El servidor está escuchando en el puerto 4500
2025-07-17 18:42:46 [INFO]: Base de datos conectada
2025-07-17 18:42:46 [INFO]: ✅ Mongoose conectado a MongoDB en: localhost
2025-07-17 18:42:46 [INFO]: 🚀 MongoDB conectado correctamente
2025-07-17 18:42:46 [INFO]: Conexión establecida con la base de datos
2025-07-17 18:42:47 [INFO]: Base de Datos sincronizadas
2025-07-17 18:42:54 [INFO]: El servidor está escuchando en el puerto 4500
2025-07-17 18:42:54 [INFO]: Base de datos conectada
2025-07-17 18:42:54 [INFO]: ✅ Mongoose conectado a MongoDB en: localhost
2025-07-17 18:42:54 [INFO]: 🚀 MongoDB conectado correctamente
2025-07-17 18:42:54 [INFO]: Conexión establecida con la base de datos
2025-07-17 18:42:55 [INFO]: Base de Datos sincronizadas
2025-07-17 18:43:39 [INFO]: El servidor está escuchando en el puerto 4500
2025-07-17 18:43:39 [INFO]: Base de datos conectada
2025-07-17 18:43:39 [INFO]: ✅ Mongoose conectado a MongoDB en: localhost
2025-07-17 18:43:39 [INFO]: 🚀 MongoDB conectado correctamente
2025-07-17 18:43:40 [INFO]: Conexión establecida con la base de datos
2025-07-17 18:43:41 [INFO]: Base de Datos sincronizadas
2025-07-17 18:43:44 [INFO]: El servidor está escuchando en el puerto 4500
2025-07-17 18:43:44 [INFO]: Base de datos conectada
2025-07-17 18:43:44 [INFO]: ✅ Mongoose conectado a MongoDB en: localhost
2025-07-17 18:43:44 [INFO]: 🚀 MongoDB conectado correctamente
2025-07-17 18:43:44 [INFO]: Conexión establecida con la base de datos
2025-07-17 18:43:45 [INFO]: Base de Datos sincronizadas
2025-07-17 18:44:12 [INFO]: El servidor está escuchando en el puerto 4500
2025-07-17 18:44:12 [INFO]: Base de datos conectada
2025-07-17 18:44:12 [INFO]: ✅ Mongoose conectado a MongoDB en: localhost
2025-07-17 18:44:12 [INFO]: 🚀 MongoDB conectado correctamente
2025-07-17 18:44:12 [INFO]: Conexión establecida con la base de datos
2025-07-17 18:44:13 [INFO]: Base de Datos sincronizadas
2025-07-17 18:45:08 [INFO]: El servidor está escuchando en el puerto 4500
2025-07-17 18:45:08 [INFO]: Base de datos conectada
2025-07-17 18:45:08 [INFO]: ✅ Mongoose conectado a MongoDB en: localhost
2025-07-17 18:45:08 [INFO]: 🚀 MongoDB conectado correctamente
2025-07-17 18:45:08 [INFO]: Conexión establecida con la base de datos
2025-07-17 18:45:09 [INFO]: Base de Datos sincronizadas
2025-07-17 18:45:12 [INFO]: El servidor está escuchando en el puerto 4500
2025-07-17 18:45:12 [INFO]: Base de datos conectada
2025-07-17 18:45:12 [INFO]: ✅ Mongoose conectado a MongoDB en: localhost
2025-07-17 18:45:12 [INFO]: 🚀 MongoDB conectado correctamente
2025-07-17 18:45:12 [INFO]: Conexión establecida con la base de datos
2025-07-17 18:45:13 [INFO]: Base de Datos sincronizadas
2025-07-17 18:46:29 [INFO]: El servidor está escuchando en el puerto 4500
2025-07-17 18:46:29 [INFO]: Base de datos conectada
2025-07-17 18:46:29 [INFO]: ✅ Mongoose conectado a MongoDB en: localhost
2025-07-17 18:46:29 [INFO]: 🚀 MongoDB conectado correctamente
2025-07-17 18:46:29 [INFO]: Conexión establecida con la base de datos
2025-07-17 18:46:30 [INFO]: Base de Datos sincronizadas
2025-07-17 18:46:33 [INFO]: El servidor está escuchando en el puerto 4500
2025-07-17 18:46:34 [INFO]: Base de datos conectada
2025-07-17 18:46:34 [INFO]: ✅ Mongoose conectado a MongoDB en: localhost
2025-07-17 18:46:34 [INFO]: 🚀 MongoDB conectado correctamente
2025-07-17 18:46:34 [INFO]: Conexión establecida con la base de datos
2025-07-17 18:46:35 [INFO]: Base de Datos sincronizadas
2025-07-17 18:46:43 [INFO]: El servidor está escuchando en el puerto 4500
2025-07-17 18:46:43 [INFO]: Base de datos conectada
2025-07-17 18:46:43 [INFO]: ✅ Mongoose conectado a MongoDB en: localhost
2025-07-17 18:46:43 [INFO]: 🚀 MongoDB conectado correctamente
2025-07-17 18:46:43 [INFO]: Conexión establecida con la base de datos
2025-07-17 18:46:45 [INFO]: Base de Datos sincronizadas
2025-07-17 18:46:49 [INFO]: El servidor está escuchando en el puerto 4500
2025-07-17 18:46:49 [INFO]: Base de datos conectada
2025-07-17 18:46:49 [INFO]: ✅ Mongoose conectado a MongoDB en: localhost
2025-07-17 18:46:49 [INFO]: 🚀 MongoDB conectado correctamente
2025-07-17 18:46:49 [INFO]: Conexión establecida con la base de datos
2025-07-17 18:46:51 [INFO]: El servidor está escuchando en el puerto 4500
2025-07-17 18:46:51 [INFO]: Base de datos conectada
2025-07-17 18:46:51 [INFO]: ✅ Mongoose conectado a MongoDB en: localhost
2025-07-17 18:46:51 [INFO]: 🚀 MongoDB conectado correctamente
2025-07-17 18:46:51 [INFO]: Conexión establecida con la base de datos
2025-07-17 18:46:52 [INFO]: Base de Datos sincronizadas
2025-07-17 18:47:42 [INFO]: El servidor está escuchando en el puerto 4500
2025-07-17 18:47:42 [INFO]: Base de datos conectada
2025-07-17 18:47:42 [INFO]: ✅ Mongoose conectado a MongoDB en: localhost
2025-07-17 18:47:42 [INFO]: 🚀 MongoDB conectado correctamente
2025-07-17 18:47:42 [INFO]: Conexión establecida con la base de datos
2025-07-17 18:47:43 [INFO]: Base de Datos sincronizadas
2025-07-17 18:47:45 [INFO]: El servidor está escuchando en el puerto 4500
2025-07-17 18:47:45 [INFO]: Base de datos conectada
2025-07-17 18:47:45 [INFO]: ✅ Mongoose conectado a MongoDB en: localhost
2025-07-17 18:47:45 [INFO]: 🚀 MongoDB conectado correctamente
2025-07-17 18:47:45 [INFO]: Conexión establecida con la base de datos
2025-07-17 18:47:46 [INFO]: Base de Datos sincronizadas
2025-07-17 18:47:57 [INFO]: El servidor está escuchando en el puerto 4500
2025-07-17 18:47:57 [INFO]: Base de datos conectada
2025-07-17 18:47:58 [INFO]: ✅ Mongoose conectado a MongoDB en: localhost
2025-07-17 18:47:58 [INFO]: 🚀 MongoDB conectado correctamente
2025-07-17 18:47:58 [INFO]: Conexión establecida con la base de datos
2025-07-17 18:47:59 [INFO]: Base de Datos sincronizadas
2025-07-17 18:48:13 [INFO]: El servidor está escuchando en el puerto 4500
2025-07-17 18:48:13 [INFO]: Base de datos conectada
2025-07-17 18:48:13 [INFO]: ✅ Mongoose conectado a MongoDB en: localhost
2025-07-17 18:48:13 [INFO]: 🚀 MongoDB conectado correctamente
2025-07-17 18:48:13 [INFO]: Conexión establecida con la base de datos
2025-07-17 18:48:14 [INFO]: Base de Datos sincronizadas
2025-07-17 18:48:52 [INFO]: El servidor está escuchando en el puerto 4500
2025-07-17 18:48:52 [INFO]: Base de datos conectada
2025-07-17 18:48:52 [INFO]: ✅ Mongoose conectado a MongoDB en: localhost
2025-07-17 18:48:52 [INFO]: 🚀 MongoDB conectado correctamente
2025-07-17 18:48:52 [INFO]: Conexión establecida con la base de datos
2025-07-17 18:49:00 [INFO]: El servidor está escuchando en el puerto 4500
2025-07-17 18:49:00 [INFO]: Base de datos conectada
2025-07-17 18:49:00 [INFO]: ✅ Mongoose conectado a MongoDB en: localhost
2025-07-17 18:49:00 [INFO]: 🚀 MongoDB conectado correctamente
2025-07-17 18:49:00 [INFO]: Conexión establecida con la base de datos
2025-07-17 18:49:01 [INFO]: Base de Datos sincronizadas
2025-07-17 18:49:04 [INFO]: El servidor está escuchando en el puerto 4500
2025-07-17 18:49:04 [INFO]: Base de datos conectada
2025-07-17 18:49:04 [INFO]: ✅ Mongoose conectado a MongoDB en: localhost
2025-07-17 18:49:04 [INFO]: 🚀 MongoDB conectado correctamente
2025-07-17 18:49:04 [INFO]: Conexión establecida con la base de datos
2025-07-17 18:49:05 [INFO]: Base de Datos sincronizadas
2025-07-17 18:49:08 [INFO]: El servidor está escuchando en el puerto 4500
2025-07-17 18:49:08 [INFO]: Base de datos conectada
2025-07-17 18:49:08 [INFO]: ✅ Mongoose conectado a MongoDB en: localhost
2025-07-17 18:49:08 [INFO]: 🚀 MongoDB conectado correctamente
2025-07-17 18:49:08 [INFO]: Conexión establecida con la base de datos
2025-07-17 18:49:09 [INFO]: Base de Datos sincronizadas
2025-07-17 18:49:19 [INFO]: El servidor está escuchando en el puerto 4500
2025-07-17 18:49:19 [INFO]: Base de datos conectada
2025-07-17 18:49:19 [INFO]: ✅ Mongoose conectado a MongoDB en: localhost
2025-07-17 18:49:19 [INFO]: 🚀 MongoDB conectado correctamente
2025-07-17 18:49:19 [INFO]: Conexión establecida con la base de datos
2025-07-17 18:49:20 [INFO]: Base de Datos sincronizadas
2025-07-17 18:49:22 [INFO]: El servidor está escuchando en el puerto 4500
2025-07-17 18:49:22 [INFO]: Base de datos conectada
2025-07-17 18:49:22 [INFO]: ✅ Mongoose conectado a MongoDB en: localhost
2025-07-17 18:49:22 [INFO]: 🚀 MongoDB conectado correctamente
2025-07-17 18:49:22 [INFO]: Conexión establecida con la base de datos
2025-07-17 18:49:23 [INFO]: Base de Datos sincronizadas
2025-07-17 18:49:26 [INFO]: El servidor está escuchando en el puerto 4500
2025-07-17 18:49:26 [INFO]: Base de datos conectada
2025-07-17 18:49:26 [INFO]: ✅ Mongoose conectado a MongoDB en: localhost
2025-07-17 18:49:26 [INFO]: 🚀 MongoDB conectado correctamente
2025-07-17 18:49:26 [INFO]: Conexión establecida con la base de datos
2025-07-17 18:49:27 [INFO]: Base de Datos sincronizadas
2025-07-17 18:49:31 [INFO]: El servidor está escuchando en el puerto 4500
2025-07-17 18:49:31 [INFO]: Base de datos conectada
2025-07-17 18:49:31 [INFO]: ✅ Mongoose conectado a MongoDB en: localhost
2025-07-17 18:49:31 [INFO]: 🚀 MongoDB conectado correctamente
2025-07-17 18:49:31 [INFO]: Conexión establecida con la base de datos
2025-07-17 18:49:32 [INFO]: Base de Datos sincronizadas
2025-07-17 18:49:44 [INFO]: El servidor está escuchando en el puerto 4500
2025-07-17 18:49:44 [INFO]: Base de datos conectada
2025-07-17 18:49:44 [INFO]: ✅ Mongoose conectado a MongoDB en: localhost
2025-07-17 18:49:44 [INFO]: 🚀 MongoDB conectado correctamente
2025-07-17 18:49:44 [INFO]: Conexión establecida con la base de datos
2025-07-17 18:49:47 [INFO]: El servidor está escuchando en el puerto 4500
2025-07-17 18:49:47 [INFO]: Base de datos conectada
2025-07-17 18:49:47 [INFO]: ✅ Mongoose conectado a MongoDB en: localhost
2025-07-17 18:49:47 [INFO]: 🚀 MongoDB conectado correctamente
2025-07-17 18:49:47 [INFO]: Conexión establecida con la base de datos
2025-07-17 18:49:52 [INFO]: El servidor está escuchando en el puerto 4500
2025-07-17 18:49:52 [INFO]: Base de datos conectada
2025-07-17 18:49:52 [INFO]: ✅ Mongoose conectado a MongoDB en: localhost
2025-07-17 18:49:52 [INFO]: 🚀 MongoDB conectado correctamente
2025-07-17 18:49:52 [INFO]: Conexión establecida con la base de datos
2025-07-17 18:49:54 [INFO]: El servidor está escuchando en el puerto 4500
2025-07-17 18:49:54 [INFO]: Base de datos conectada
2025-07-17 18:49:54 [INFO]: ✅ Mongoose conectado a MongoDB en: localhost
2025-07-17 18:49:54 [INFO]: 🚀 MongoDB conectado correctamente
2025-07-17 18:49:54 [INFO]: Conexión establecida con la base de datos
2025-07-17 18:49:56 [INFO]: Base de Datos sincronizadas
2025-07-17 18:49:58 [INFO]: El servidor está escuchando en el puerto 4500
2025-07-17 18:49:58 [INFO]: Base de datos conectada
2025-07-17 18:49:58 [INFO]: ✅ Mongoose conectado a MongoDB en: localhost
2025-07-17 18:49:58 [INFO]: 🚀 MongoDB conectado correctamente
2025-07-17 18:49:58 [INFO]: Conexión establecida con la base de datos
2025-07-17 18:50:06 [INFO]: El servidor está escuchando en el puerto 4500
2025-07-17 18:50:06 [INFO]: Base de datos conectada
2025-07-17 18:50:06 [INFO]: ✅ Mongoose conectado a MongoDB en: localhost
2025-07-17 18:50:06 [INFO]: 🚀 MongoDB conectado correctamente
2025-07-17 18:50:06 [INFO]: Conexión establecida con la base de datos
2025-07-17 18:50:07 [INFO]: Base de Datos sincronizadas
2025-07-17 18:50:10 [INFO]: El servidor está escuchando en el puerto 4500
2025-07-17 18:50:10 [INFO]: Base de datos conectada
2025-07-17 18:50:10 [INFO]: ✅ Mongoose conectado a MongoDB en: localhost
2025-07-17 18:50:10 [INFO]: 🚀 MongoDB conectado correctamente
2025-07-17 18:50:10 [INFO]: Conexión establecida con la base de datos
2025-07-17 18:50:11 [INFO]: Base de Datos sincronizadas
2025-07-17 18:50:15 [INFO]: El servidor está escuchando en el puerto 4500
2025-07-17 18:50:15 [INFO]: Base de datos conectada
2025-07-17 18:50:15 [INFO]: ✅ Mongoose conectado a MongoDB en: localhost
2025-07-17 18:50:15 [INFO]: 🚀 MongoDB conectado correctamente
2025-07-17 18:50:15 [INFO]: Conexión establecida con la base de datos
2025-07-17 18:50:17 [INFO]: El servidor está escuchando en el puerto 4500
2025-07-17 18:50:17 [INFO]: Base de datos conectada
2025-07-17 18:50:18 [INFO]: ✅ Mongoose conectado a MongoDB en: localhost
2025-07-17 18:50:18 [INFO]: 🚀 MongoDB conectado correctamente
2025-07-17 18:50:18 [INFO]: Conexión establecida con la base de datos
2025-07-17 18:50:20 [INFO]: El servidor está escuchando en el puerto 4500
2025-07-17 18:50:20 [INFO]: Base de datos conectada
2025-07-17 18:50:20 [INFO]: ✅ Mongoose conectado a MongoDB en: localhost
2025-07-17 18:50:20 [INFO]: 🚀 MongoDB conectado correctamente
2025-07-17 18:50:20 [INFO]: Conexión establecida con la base de datos
2025-07-17 18:50:21 [INFO]: Base de Datos sincronizadas
2025-07-17 18:55:09 [ERROR]: Error: invalid csrf token
Stack: ForbiddenError: invalid csrf token
    at csrf (C:\Users\GIO\Desktop\proyecto\pet-poket\node_modules\csurf\index.js:112:19)
    at Layer.handle [as handle_request] (C:\Users\GIO\Desktop\proyecto\pet-poket\node_modules\express\lib\router\layer.js:95:5)
    at trim_prefix (C:\Users\GIO\Desktop\proyecto\pet-poket\node_modules\express\lib\router\index.js:328:13)
    at C:\Users\GIO\Desktop\proyecto\pet-poket\node_modules\express\lib\router\index.js:286:9
    at Function.process_params (C:\Users\GIO\Desktop\proyecto\pet-poket\node_modules\express\lib\router\index.js:346:12)
    at next (C:\Users\GIO\Desktop\proyecto\pet-poket\node_modules\express\lib\router\index.js:280:10)
    at C:\Users\GIO\Desktop\proyecto\pet-poket\node_modules\connect-flash\lib\flash.js:21:5
    at Layer.handle [as handle_request] (C:\Users\GIO\Desktop\proyecto\pet-poket\node_modules\express\lib\router\layer.js:95:5)
    at trim_prefix (C:\Users\GIO\Desktop\proyecto\pet-poket\node_modules\express\lib\router\index.js:328:13)
    at C:\Users\GIO\Desktop\proyecto\pet-poket\node_modules\express\lib\router\index.js:286:9
2025-07-17 18:55:09 [INFO]: [0mPOST /auth/register [31m500[0m 22.018 ms - 1342[0m
2025-07-17 18:55:09 [ERROR]: TypeError: res.apiError is not a function
    at C:\Users\GIO\Desktop\proyecto\pet-poket\src\app.js:286:20
    at Layer.handle_error (C:\Users\GIO\Desktop\proyecto\pet-poket\node_modules\express\lib\router\layer.js:71:5)
    at trim_prefix (C:\Users\GIO\Desktop\proyecto\pet-poket\node_modules\express\lib\router\index.js:326:13)
    at C:\Users\GIO\Desktop\proyecto\pet-poket\node_modules\express\lib\router\index.js:286:9
    at Function.process_params (C:\Users\GIO\Desktop\proyecto\pet-poket\node_modules\express\lib\router\index.js:346:12)
    at next (C:\Users\GIO\Desktop\proyecto\pet-poket\node_modules\express\lib\router\index.js:280:10)
    at Layer.handle_error (C:\Users\GIO\Desktop\proyecto\pet-poket\node_modules\express\lib\router\layer.js:67:12)
    at trim_prefix (C:\Users\GIO\Desktop\proyecto\pet-poket\node_modules\express\lib\router\index.js:326:13)
    at C:\Users\GIO\Desktop\proyecto\pet-poket\node_modules\express\lib\router\index.js:286:9
    at Function.process_params (C:\Users\GIO\Desktop\proyecto\pet-poket\node_modules\express\lib\router\index.js:346:12)
2025-07-17 18:56:51 [INFO]: El servidor está escuchando en el puerto 4500
2025-07-17 18:56:51 [INFO]: Base de datos conectada
2025-07-17 18:56:51 [INFO]: ✅ Mongoose conectado a MongoDB en: localhost
2025-07-17 18:56:51 [INFO]: 🚀 MongoDB conectado correctamente
2025-07-17 18:56:51 [INFO]: Conexión establecida con la base de datos
2025-07-17 18:56:52 [INFO]: Base de Datos sincronizadas
2025-07-17 18:56:53 [WARN]: 404 Not Found: /auth/register
2025-07-17 18:56:53 [INFO]: [0mPOST /auth/register [33m404[0m 18.864 ms - 62[0m
2025-07-17 18:57:09 [INFO]: El servidor está escuchando en el puerto 4500
2025-07-17 18:57:09 [INFO]: Base de datos conectada
2025-07-17 18:57:09 [INFO]: ✅ Mongoose conectado a MongoDB en: localhost
2025-07-17 18:57:09 [INFO]: 🚀 MongoDB conectado correctamente
2025-07-17 18:57:10 [INFO]: Conexión establecida con la base de datos
2025-07-17 18:57:12 [INFO]: El servidor está escuchando en el puerto 4500
2025-07-17 18:57:12 [INFO]: Base de datos conectada
2025-07-17 18:57:12 [INFO]: ✅ Mongoose conectado a MongoDB en: localhost
2025-07-17 18:57:12 [INFO]: 🚀 MongoDB conectado correctamente
2025-07-17 18:57:12 [INFO]: Conexión establecida con la base de datos
2025-07-17 18:57:13 [INFO]: Base de Datos sincronizadas
2025-07-17 18:58:11 [INFO]: El servidor está escuchando en el puerto 4500
2025-07-17 18:58:11 [INFO]: Base de datos conectada
2025-07-17 18:58:11 [INFO]: ✅ Mongoose conectado a MongoDB en: localhost
2025-07-17 18:58:11 [INFO]: 🚀 MongoDB conectado correctamente
2025-07-17 18:58:11 [INFO]: Conexión establecida con la base de datos
2025-07-17 18:58:12 [INFO]: Base de Datos sincronizadas
2025-07-17 18:58:15 [INFO]: [0mPOST /auth/register [32m201[0m 193.064 ms - 200[0m
2025-07-17 18:58:26 [INFO]: [0mPOST /auth/login [32m200[0m 92.779 ms - 194[0m
2025-07-17 18:59:57 [INFO]: El servidor está escuchando en el puerto 4500
2025-07-17 18:59:57 [INFO]: Base de datos conectada
2025-07-17 18:59:57 [INFO]: ✅ Mongoose conectado a MongoDB en: localhost
2025-07-17 18:59:57 [INFO]: 🚀 MongoDB conectado correctamente
2025-07-17 18:59:57 [INFO]: Conexión establecida con la base de datos
2025-07-17 18:59:57 [INFO]: Base de Datos sincronizadas
2025-07-17 20:31:28 [INFO]: El servidor está escuchando en el puerto 4500
2025-07-17 20:31:28 [INFO]: Base de datos conectada
2025-07-17 20:31:28 [INFO]: ✅ Mongoose conectado a MongoDB en: localhost
2025-07-17 20:31:28 [INFO]: 🚀 MongoDB conectado correctamente
2025-07-17 20:31:28 [INFO]: Conexión establecida con la base de datos
2025-07-17 20:31:29 [INFO]: Base de Datos sincronizadas
2025-07-17 20:31:34 [INFO]: El servidor está escuchando en el puerto 4500
2025-07-17 20:31:34 [INFO]: Base de datos conectada
2025-07-17 20:31:34 [INFO]: ✅ Mongoose conectado a MongoDB en: localhost
2025-07-17 20:31:34 [INFO]: 🚀 MongoDB conectado correctamente
2025-07-17 20:31:34 [INFO]: Conexión establecida con la base de datos
2025-07-17 20:31:35 [INFO]: Base de Datos sincronizadas
2025-07-17 20:32:55 [INFO]: El servidor está escuchando en el puerto 4500
2025-07-17 20:32:55 [INFO]: Base de datos conectada
2025-07-17 20:32:55 [INFO]: ✅ Mongoose conectado a MongoDB en: localhost
2025-07-17 20:32:56 [INFO]: 🚀 MongoDB conectado correctamente
2025-07-17 20:32:56 [INFO]: Conexión establecida con la base de datos
2025-07-17 20:32:57 [INFO]: Base de Datos sincronizadas
2025-07-17 20:45:29 [INFO]: El servidor está escuchando en el puerto 4500
2025-07-17 20:45:29 [INFO]: Base de datos conectada
2025-07-17 20:45:29 [INFO]: ✅ Mongoose conectado a MongoDB en: localhost
2025-07-17 20:45:29 [INFO]: 🚀 MongoDB conectado correctamente
2025-07-17 20:45:29 [INFO]: Conexión establecida con la base de datos
2025-07-17 20:45:30 [INFO]: Base de Datos sincronizadas
2025-07-17 20:45:44 [INFO]: El servidor está escuchando en el puerto 4500
2025-07-17 20:45:44 [INFO]: Base de datos conectada
2025-07-17 20:45:44 [INFO]: ✅ Mongoose conectado a MongoDB en: localhost
2025-07-17 20:45:44 [INFO]: 🚀 MongoDB conectado correctamente
2025-07-17 20:45:44 [INFO]: Conexión establecida con la base de datos
2025-07-17 20:45:46 [INFO]: Base de Datos sincronizadas
2025-07-17 20:45:49 [INFO]: El servidor está escuchando en el puerto 4500
2025-07-17 20:45:49 [INFO]: Base de datos conectada
2025-07-17 20:45:49 [INFO]: ✅ Mongoose conectado a MongoDB en: localhost
2025-07-17 20:45:49 [INFO]: 🚀 MongoDB conectado correctamente
2025-07-17 20:45:49 [INFO]: Conexión establecida con la base de datos
2025-07-17 20:45:50 [INFO]: Base de Datos sincronizadas
2025-07-17 20:46:01 [INFO]: El servidor está escuchando en el puerto 4500
2025-07-17 20:46:01 [INFO]: Base de datos conectada
2025-07-17 20:46:01 [INFO]: ✅ Mongoose conectado a MongoDB en: localhost
2025-07-17 20:46:01 [INFO]: 🚀 MongoDB conectado correctamente
2025-07-17 20:46:02 [INFO]: Conexión establecida con la base de datos
2025-07-17 20:46:03 [INFO]: Base de Datos sincronizadas
2025-07-17 20:46:18 [INFO]: El servidor está escuchando en el puerto 4500
2025-07-17 20:46:18 [INFO]: Base de datos conectada
2025-07-17 20:46:19 [INFO]: ✅ Mongoose conectado a MongoDB en: localhost
2025-07-17 20:46:19 [INFO]: 🚀 MongoDB conectado correctamente
2025-07-17 20:46:19 [INFO]: Conexión establecida con la base de datos
2025-07-17 20:46:20 [INFO]: Base de Datos sincronizadas
2025-07-17 20:46:22 [INFO]: El servidor está escuchando en el puerto 4500
2025-07-17 20:46:22 [INFO]: Base de datos conectada
2025-07-17 20:46:22 [INFO]: ✅ Mongoose conectado a MongoDB en: localhost
2025-07-17 20:46:22 [INFO]: 🚀 MongoDB conectado correctamente
2025-07-17 20:46:22 [INFO]: Conexión establecida con la base de datos
2025-07-17 20:46:23 [INFO]: Base de Datos sincronizadas
